[0.007s] Invoking command in '/home/allenabraham106/ros2_ws/src/sort_mpc_nav/build/sort_mpc_nav': CMAKE_PREFIX_PATH=${CMAKE_PREFIX_PATH}:/opt/ros/jazzy DEBUGINFOD_URLS=https://debuginfod.ubuntu.com /usr/bin/cmake --build /home/allenabraham106/ros2_ws/src/sort_mpc_nav/build/sort_mpc_nav -- -j4 -l4
[0.046s] [ 50%] [32mBuilding CXX object CMakeFiles/pedestrian_sim.dir/src/pedestrian_sim.cpp.o[0m
[2.085s] [100%] [32m[1mLinking CXX executable pedestrian_sim[0m
[2.253s] [100%] Built target pedestrian_sim
[2.260s] Invoked command in '/home/allenabraham106/ros2_ws/src/sort_mpc_nav/build/sort_mpc_nav' returned '0': CMAKE_PREFIX_PATH=${CMAKE_PREFIX_PATH}:/opt/ros/jazzy DEBUGINFOD_URLS=https://debuginfod.ubuntu.com /usr/bin/cmake --build /home/allenabraham106/ros2_ws/src/sort_mpc_nav/build/sort_mpc_nav -- -j4 -l4
[2.264s] Invoking command in '/home/allenabraham106/ros2_ws/src/sort_mpc_nav/build/sort_mpc_nav': CMAKE_PREFIX_PATH=${CMAKE_PREFIX_PATH}:/opt/ros/jazzy DEBUGINFOD_URLS=https://debuginfod.ubuntu.com /usr/bin/cmake --install /home/allenabraham106/ros2_ws/src/sort_mpc_nav/build/sort_mpc_nav
[2.268s] -- Install configuration: ""
[2.269s] -- Installing: /home/allenabraham106/ros2_ws/src/sort_mpc_nav/install/sort_mpc_nav/lib/sort_mpc_nav/pedestrian_sim
[2.269s] -- Set non-toolchain portion of runtime path of "/home/allenabraham106/ros2_ws/src/sort_mpc_nav/install/sort_mpc_nav/lib/sort_mpc_nav/pedestrian_sim" to ""
[2.269s] -- Installing: /home/allenabraham106/ros2_ws/src/sort_mpc_nav/install/sort_mpc_nav/share/ament_index/resource_index/package_run_dependencies/sort_mpc_nav
[2.269s] -- Installing: /home/allenabraham106/ros2_ws/src/sort_mpc_nav/install/sort_mpc_nav/share/ament_index/resource_index/parent_prefix_path/sort_mpc_nav
[2.270s] -- Installing: /home/allenabraham106/ros2_ws/src/sort_mpc_nav/install/sort_mpc_nav/share/sort_mpc_nav/environment/ament_prefix_path.sh
[2.270s] -- Installing: /home/allenabraham106/ros2_ws/src/sort_mpc_nav/install/sort_mpc_nav/share/sort_mpc_nav/environment/ament_prefix_path.dsv
[2.270s] -- Installing: /home/allenabraham106/ros2_ws/src/sort_mpc_nav/install/sort_mpc_nav/share/sort_mpc_nav/environment/path.sh
[2.270s] -- Installing: /home/allenabraham106/ros2_ws/src/sort_mpc_nav/install/sort_mpc_nav/share/sort_mpc_nav/environment/path.dsv
[2.270s] -- Installing: /home/allenabraham106/ros2_ws/src/sort_mpc_nav/install/sort_mpc_nav/share/sort_mpc_nav/local_setup.bash
[2.270s] -- Installing: /home/allenabraham106/ros2_ws/src/sort_mpc_nav/install/sort_mpc_nav/share/sort_mpc_nav/local_setup.sh
[2.270s] -- Installing: /home/allenabraham106/ros2_ws/src/sort_mpc_nav/install/sort_mpc_nav/share/sort_mpc_nav/local_setup.zsh
[2.270s] -- Installing: /home/allenabraham106/ros2_ws/src/sort_mpc_nav/install/sort_mpc_nav/share/sort_mpc_nav/local_setup.dsv
[2.270s] -- Installing: /home/allenabraham106/ros2_ws/src/sort_mpc_nav/install/sort_mpc_nav/share/sort_mpc_nav/package.dsv
[2.271s] -- Installing: /home/allenabraham106/ros2_ws/src/sort_mpc_nav/install/sort_mpc_nav/share/ament_index/resource_index/packages/sort_mpc_nav
[2.271s] -- Installing: /home/allenabraham106/ros2_ws/src/sort_mpc_nav/install/sort_mpc_nav/share/sort_mpc_nav/cmake/sort_mpc_navConfig.cmake
[2.271s] -- Installing: /home/allenabraham106/ros2_ws/src/sort_mpc_nav/install/sort_mpc_nav/share/sort_mpc_nav/cmake/sort_mpc_navConfig-version.cmake
[2.271s] -- Installing: /home/allenabraham106/ros2_ws/src/sort_mpc_nav/install/sort_mpc_nav/share/sort_mpc_nav/package.xml
[2.272s] Invoked command in '/home/allenabraham106/ros2_ws/src/sort_mpc_nav/build/sort_mpc_nav' returned '0': CMAKE_PREFIX_PATH=${CMAKE_PREFIX_PATH}:/opt/ros/jazzy DEBUGINFOD_URLS=https://debuginfod.ubuntu.com /usr/bin/cmake --install /home/allenabraham106/ros2_ws/src/sort_mpc_nav/build/sort_mpc_nav
