[0.054s] DEBUG:colcon:Command line arguments: ['/usr/bin/colcon', 'build']
[0.054s] DEBUG:colcon:Parsed command line arguments: Namespace(log_base=None, log_level=None, verb_name='build', build_base='build', install_base='install', merge_install=False, symlink_install=False, test_result_base=None, continue_on_error=False, executor='parallel', parallel_workers=4, event_handlers=None, ignore_user_meta=False, metas=['./colcon.meta'], base_paths=['.'], packages_ignore=None, packages_ignore_regex=None, paths=None, packages_up_to=None, packages_up_to_regex=None, packages_above=None, packages_above_and_dependencies=None, packages_above_depth=None, packages_select_by_dep=None, packages_skip_by_dep=None, packages_skip_up_to=None, packages_select_build_failed=False, packages_skip_build_finished=False, packages_select_test_failures=False, packages_skip_test_passed=False, packages_select=None, packages_skip=None, packages_select_regex=None, packages_skip_regex=None, packages_start=None, packages_end=None, allow_overriding=[], cmake_args=None, cmake_target=None, cmake_target_skip_unavailable=False, cmake_clean_cache=False, cmake_clean_first=False, cmake_force_configure=False, ament_cmake_args=None, catkin_cmake_args=None, catkin_skip_building_tests=False, verb_parser=<colcon_defaults.argument_parser.defaults.DefaultArgumentsDecorator object at 0xec4a28e58d10>, verb_extension=<colcon_core.verb.build.BuildVerb object at 0xec4a28bec800>, main=<bound method BuildVerb.main of <colcon_core.verb.build.BuildVerb object at 0xec4a28bec800>>)
[0.072s] Level 1:colcon.colcon_core.package_discovery:discover_packages(colcon_meta) check parameters
[0.072s] Level 1:colcon.colcon_core.package_discovery:discover_packages(recursive) check parameters
[0.072s] Level 1:colcon.colcon_core.package_discovery:discover_packages(ignore) check parameters
[0.072s] Level 1:colcon.colcon_core.package_discovery:discover_packages(path) check parameters
[0.072s] Level 1:colcon.colcon_core.package_discovery:discover_packages(colcon_meta) discover
[0.072s] Level 1:colcon.colcon_core.package_discovery:discover_packages(recursive) discover
[0.072s] INFO:colcon.colcon_core.package_discovery:Crawling recursively for packages in '/home/allenabraham106/ros2_ws/src/sort_mpc_nav'
[0.072s] Level 1:colcon.colcon_core.package_identification:_identify(.) by extensions ['ignore', 'ignore_ament_install']
[0.073s] Level 1:colcon.colcon_core.package_identification:_identify(.) by extension 'ignore'
[0.073s] Level 1:colcon.colcon_core.package_identification:_identify(.) by extension 'ignore_ament_install'
[0.073s] Level 1:colcon.colcon_core.package_identification:_identify(.) by extensions ['colcon_pkg']
[0.073s] Level 1:colcon.colcon_core.package_identification:_identify(.) by extension 'colcon_pkg'
[0.073s] Level 1:colcon.colcon_core.package_identification:_identify(.) by extensions ['colcon_meta']
[0.073s] Level 1:colcon.colcon_core.package_identification:_identify(.) by extension 'colcon_meta'
[0.073s] Level 1:colcon.colcon_core.package_identification:_identify(.) by extensions ['ros']
[0.073s] Level 1:colcon.colcon_core.package_identification:_identify(.) by extension 'ros'
[0.087s] DEBUG:colcon.colcon_core.package_identification:Package '.' with type 'ros.ament_cmake' and name 'sort_mpc_nav'
[0.087s] Level 1:colcon.colcon_core.package_discovery:discover_packages(recursive) using defaults
[0.087s] Level 1:colcon.colcon_core.package_discovery:discover_packages(ignore) discover
[0.087s] Level 1:colcon.colcon_core.package_discovery:discover_packages(ignore) using defaults
[0.087s] Level 1:colcon.colcon_core.package_discovery:discover_packages(path) discover
[0.087s] Level 1:colcon.colcon_core.package_discovery:discover_packages(path) using defaults
[0.096s] Level 1:colcon.colcon_core.package_discovery:discover_packages(prefix_path) check parameters
[0.096s] Level 1:colcon.colcon_core.package_discovery:discover_packages(prefix_path) discover
[0.096s] DEBUG:colcon.colcon_installed_package_information.package_discovery:Found 1 installed packages in /home/allenabraham106/ros2_ws/install
[0.097s] DEBUG:colcon.colcon_installed_package_information.package_discovery:Found 439 installed packages in /opt/ros/jazzy
[0.098s] Level 1:colcon.colcon_core.package_discovery:discover_packages(prefix_path) using defaults
[0.122s] Level 5:colcon.colcon_core.verb:set package 'sort_mpc_nav' build argument 'cmake_args' from command line to 'None'
[0.123s] Level 5:colcon.colcon_core.verb:set package 'sort_mpc_nav' build argument 'cmake_target' from command line to 'None'
[0.123s] Level 5:colcon.colcon_core.verb:set package 'sort_mpc_nav' build argument 'cmake_target_skip_unavailable' from command line to 'False'
[0.123s] Level 5:colcon.colcon_core.verb:set package 'sort_mpc_nav' build argument 'cmake_clean_cache' from command line to 'False'
[0.123s] Level 5:colcon.colcon_core.verb:set package 'sort_mpc_nav' build argument 'cmake_clean_first' from command line to 'False'
[0.123s] Level 5:colcon.colcon_core.verb:set package 'sort_mpc_nav' build argument 'cmake_force_configure' from command line to 'False'
[0.123s] Level 5:colcon.colcon_core.verb:set package 'sort_mpc_nav' build argument 'ament_cmake_args' from command line to 'None'
[0.123s] Level 5:colcon.colcon_core.verb:set package 'sort_mpc_nav' build argument 'catkin_cmake_args' from command line to 'None'
[0.123s] Level 5:colcon.colcon_core.verb:set package 'sort_mpc_nav' build argument 'catkin_skip_building_tests' from command line to 'False'
[0.123s] DEBUG:colcon.colcon_core.verb:Building package 'sort_mpc_nav' with the following arguments: {'ament_cmake_args': None, 'build_base': '/home/allenabraham106/ros2_ws/src/sort_mpc_nav/build/sort_mpc_nav', 'catkin_cmake_args': None, 'catkin_skip_building_tests': False, 'cmake_args': None, 'cmake_clean_cache': False, 'cmake_clean_first': False, 'cmake_force_configure': False, 'cmake_target': None, 'cmake_target_skip_unavailable': False, 'install_base': '/home/allenabraham106/ros2_ws/src/sort_mpc_nav/install/sort_mpc_nav', 'merge_install': False, 'path': '/home/allenabraham106/ros2_ws/src/sort_mpc_nav', 'symlink_install': False, 'test_result_base': None}
[0.123s] INFO:colcon.colcon_core.executor:Executing jobs using 'parallel' executor
[0.123s] DEBUG:colcon.colcon_parallel_executor.executor.parallel:run_until_complete
[0.123s] INFO:colcon.colcon_ros.task.ament_cmake.build:Building ROS package in '/home/allenabraham106/ros2_ws/src/sort_mpc_nav' with build type 'ament_cmake'
[0.124s] INFO:colcon.colcon_cmake.task.cmake.build:Building CMake package in '/home/allenabraham106/ros2_ws/src/sort_mpc_nav'
[0.124s] INFO:colcon.colcon_core.plugin_system:Skipping extension 'colcon_core.shell.bat': Not used on non-Windows systems
[0.124s] INFO:colcon.colcon_core.shell:Skip shell extension 'powershell' for command environment: Not usable outside of PowerShell
[0.124s] DEBUG:colcon.colcon_core.shell:Skip shell extension 'dsv' for command environment
[0.130s] DEBUG:colcon.colcon_core.event_handler.log_command:Invoking command in '/home/allenabraham106/ros2_ws/src/sort_mpc_nav/build/sort_mpc_nav': CMAKE_PREFIX_PATH=${CMAKE_PREFIX_PATH}:/opt/ros/jazzy DEBUGINFOD_URLS=https://debuginfod.ubuntu.com /usr/bin/cmake --build /home/allenabraham106/ros2_ws/src/sort_mpc_nav/build/sort_mpc_nav -- -j4 -l4
[3.709s] DEBUG:colcon.colcon_core.event_handler.log_command:Invoked command in '/home/allenabraham106/ros2_ws/src/sort_mpc_nav/build/sort_mpc_nav' returned '0': CMAKE_PREFIX_PATH=${CMAKE_PREFIX_PATH}:/opt/ros/jazzy DEBUGINFOD_URLS=https://debuginfod.ubuntu.com /usr/bin/cmake --build /home/allenabraham106/ros2_ws/src/sort_mpc_nav/build/sort_mpc_nav -- -j4 -l4
[3.714s] DEBUG:colcon.colcon_core.event_handler.log_command:Invoking command in '/home/allenabraham106/ros2_ws/src/sort_mpc_nav/build/sort_mpc_nav': CMAKE_PREFIX_PATH=${CMAKE_PREFIX_PATH}:/opt/ros/jazzy DEBUGINFOD_URLS=https://debuginfod.ubuntu.com /usr/bin/cmake --install /home/allenabraham106/ros2_ws/src/sort_mpc_nav/build/sort_mpc_nav
[3.720s] Level 1:colcon.colcon_core.environment:create_environment_scripts_only(sort_mpc_nav)
[3.721s] DEBUG:colcon.colcon_core.event_handler.log_command:Invoked command in '/home/allenabraham106/ros2_ws/src/sort_mpc_nav/build/sort_mpc_nav' returned '0': CMAKE_PREFIX_PATH=${CMAKE_PREFIX_PATH}:/opt/ros/jazzy DEBUGINFOD_URLS=https://debuginfod.ubuntu.com /usr/bin/cmake --install /home/allenabraham106/ros2_ws/src/sort_mpc_nav/build/sort_mpc_nav
[3.722s] Level 1:colcon.colcon_core.environment:checking '/home/allenabraham106/ros2_ws/src/sort_mpc_nav/install/sort_mpc_nav' for CMake module files
[3.722s] Level 1:colcon.colcon_core.environment:checking '/home/allenabraham106/ros2_ws/src/sort_mpc_nav/install/sort_mpc_nav' for CMake config files
[3.722s] Level 1:colcon.colcon_core.shell:create_environment_hook('sort_mpc_nav', 'cmake_prefix_path')
[3.722s] INFO:colcon.colcon_core.shell:Creating environment hook '/home/allenabraham106/ros2_ws/src/sort_mpc_nav/install/sort_mpc_nav/share/sort_mpc_nav/hook/cmake_prefix_path.ps1'
[3.723s] INFO:colcon.colcon_core.shell:Creating environment descriptor '/home/allenabraham106/ros2_ws/src/sort_mpc_nav/install/sort_mpc_nav/share/sort_mpc_nav/hook/cmake_prefix_path.dsv'
[3.723s] INFO:colcon.colcon_core.shell:Creating environment hook '/home/allenabraham106/ros2_ws/src/sort_mpc_nav/install/sort_mpc_nav/share/sort_mpc_nav/hook/cmake_prefix_path.sh'
[3.723s] Level 1:colcon.colcon_core.environment:checking '/home/allenabraham106/ros2_ws/src/sort_mpc_nav/install/sort_mpc_nav/lib'
[3.723s] Level 1:colcon.colcon_core.environment:checking '/home/allenabraham106/ros2_ws/src/sort_mpc_nav/install/sort_mpc_nav/bin'
[3.724s] Level 1:colcon.colcon_core.environment:checking '/home/allenabraham106/ros2_ws/src/sort_mpc_nav/install/sort_mpc_nav/lib/pkgconfig/sort_mpc_nav.pc'
[3.724s] Level 1:colcon.colcon_core.environment:checking '/home/allenabraham106/ros2_ws/src/sort_mpc_nav/install/sort_mpc_nav/lib/python3.12/site-packages'
[3.724s] Level 1:colcon.colcon_core.environment:checking '/home/allenabraham106/ros2_ws/src/sort_mpc_nav/install/sort_mpc_nav/bin'
[3.724s] INFO:colcon.colcon_core.shell:Creating package script '/home/allenabraham106/ros2_ws/src/sort_mpc_nav/install/sort_mpc_nav/share/sort_mpc_nav/package.ps1'
[3.724s] INFO:colcon.colcon_core.shell:Creating package descriptor '/home/allenabraham106/ros2_ws/src/sort_mpc_nav/install/sort_mpc_nav/share/sort_mpc_nav/package.dsv'
[3.725s] INFO:colcon.colcon_core.shell:Creating package script '/home/allenabraham106/ros2_ws/src/sort_mpc_nav/install/sort_mpc_nav/share/sort_mpc_nav/package.sh'
[3.725s] INFO:colcon.colcon_core.shell:Creating package script '/home/allenabraham106/ros2_ws/src/sort_mpc_nav/install/sort_mpc_nav/share/sort_mpc_nav/package.bash'
[3.725s] INFO:colcon.colcon_core.shell:Creating package script '/home/allenabraham106/ros2_ws/src/sort_mpc_nav/install/sort_mpc_nav/share/sort_mpc_nav/package.zsh'
[3.725s] Level 1:colcon.colcon_core.environment:create_file_with_runtime_dependencies(/home/allenabraham106/ros2_ws/src/sort_mpc_nav/install/sort_mpc_nav/share/colcon-core/packages/sort_mpc_nav)
[3.726s] Level 1:colcon.colcon_core.environment:create_environment_scripts_only(sort_mpc_nav)
[3.726s] Level 1:colcon.colcon_core.environment:checking '/home/allenabraham106/ros2_ws/src/sort_mpc_nav/install/sort_mpc_nav' for CMake module files
[3.726s] Level 1:colcon.colcon_core.environment:checking '/home/allenabraham106/ros2_ws/src/sort_mpc_nav/install/sort_mpc_nav' for CMake config files
[3.726s] Level 1:colcon.colcon_core.shell:create_environment_hook('sort_mpc_nav', 'cmake_prefix_path')
[3.726s] INFO:colcon.colcon_core.shell:Creating environment hook '/home/allenabraham106/ros2_ws/src/sort_mpc_nav/install/sort_mpc_nav/share/sort_mpc_nav/hook/cmake_prefix_path.ps1'
[3.726s] INFO:colcon.colcon_core.shell:Creating environment descriptor '/home/allenabraham106/ros2_ws/src/sort_mpc_nav/install/sort_mpc_nav/share/sort_mpc_nav/hook/cmake_prefix_path.dsv'
[3.726s] INFO:colcon.colcon_core.shell:Creating environment hook '/home/allenabraham106/ros2_ws/src/sort_mpc_nav/install/sort_mpc_nav/share/sort_mpc_nav/hook/cmake_prefix_path.sh'
[3.727s] Level 1:colcon.colcon_core.environment:checking '/home/allenabraham106/ros2_ws/src/sort_mpc_nav/install/sort_mpc_nav/lib'
[3.727s] Level 1:colcon.colcon_core.environment:checking '/home/allenabraham106/ros2_ws/src/sort_mpc_nav/install/sort_mpc_nav/bin'
[3.727s] Level 1:colcon.colcon_core.environment:checking '/home/allenabraham106/ros2_ws/src/sort_mpc_nav/install/sort_mpc_nav/lib/pkgconfig/sort_mpc_nav.pc'
[3.727s] Level 1:colcon.colcon_core.environment:checking '/home/allenabraham106/ros2_ws/src/sort_mpc_nav/install/sort_mpc_nav/lib/python3.12/site-packages'
[3.727s] Level 1:colcon.colcon_core.environment:checking '/home/allenabraham106/ros2_ws/src/sort_mpc_nav/install/sort_mpc_nav/bin'
[3.727s] INFO:colcon.colcon_core.shell:Creating package script '/home/allenabraham106/ros2_ws/src/sort_mpc_nav/install/sort_mpc_nav/share/sort_mpc_nav/package.ps1'
[3.727s] INFO:colcon.colcon_core.shell:Creating package descriptor '/home/allenabraham106/ros2_ws/src/sort_mpc_nav/install/sort_mpc_nav/share/sort_mpc_nav/package.dsv'
[3.728s] INFO:colcon.colcon_core.shell:Creating package script '/home/allenabraham106/ros2_ws/src/sort_mpc_nav/install/sort_mpc_nav/share/sort_mpc_nav/package.sh'
[3.728s] INFO:colcon.colcon_core.shell:Creating package script '/home/allenabraham106/ros2_ws/src/sort_mpc_nav/install/sort_mpc_nav/share/sort_mpc_nav/package.bash'
[3.728s] INFO:colcon.colcon_core.shell:Creating package script '/home/allenabraham106/ros2_ws/src/sort_mpc_nav/install/sort_mpc_nav/share/sort_mpc_nav/package.zsh'
[3.728s] Level 1:colcon.colcon_core.environment:create_file_with_runtime_dependencies(/home/allenabraham106/ros2_ws/src/sort_mpc_nav/install/sort_mpc_nav/share/colcon-core/packages/sort_mpc_nav)
[3.728s] DEBUG:colcon.colcon_parallel_executor.executor.parallel:closing loop
[3.729s] DEBUG:colcon.colcon_parallel_executor.executor.parallel:loop closed
[3.729s] DEBUG:colcon.colcon_parallel_executor.executor.parallel:run_until_complete finished with '0'
[3.729s] DEBUG:colcon.colcon_core.event_reactor:joining thread
[3.730s] DEBUG:colcon.colcon_core.event_reactor:joined thread
[3.730s] INFO:colcon.colcon_core.shell:Creating prefix script '/home/allenabraham106/ros2_ws/src/sort_mpc_nav/install/local_setup.ps1'
[3.730s] INFO:colcon.colcon_core.shell:Creating prefix util module '/home/allenabraham106/ros2_ws/src/sort_mpc_nav/install/_local_setup_util_ps1.py'
[3.731s] INFO:colcon.colcon_core.shell:Creating prefix chain script '/home/allenabraham106/ros2_ws/src/sort_mpc_nav/install/setup.ps1'
[3.731s] INFO:colcon.colcon_core.shell:Creating prefix script '/home/allenabraham106/ros2_ws/src/sort_mpc_nav/install/local_setup.sh'
[3.731s] INFO:colcon.colcon_core.shell:Creating prefix util module '/home/allenabraham106/ros2_ws/src/sort_mpc_nav/install/_local_setup_util_sh.py'
[3.732s] INFO:colcon.colcon_core.shell:Creating prefix chain script '/home/allenabraham106/ros2_ws/src/sort_mpc_nav/install/setup.sh'
[3.732s] INFO:colcon.colcon_core.shell:Creating prefix script '/home/allenabraham106/ros2_ws/src/sort_mpc_nav/install/local_setup.bash'
[3.732s] INFO:colcon.colcon_core.shell:Creating prefix chain script '/home/allenabraham106/ros2_ws/src/sort_mpc_nav/install/setup.bash'
[3.733s] INFO:colcon.colcon_core.shell:Creating prefix script '/home/allenabraham106/ros2_ws/src/sort_mpc_nav/install/local_setup.zsh'
[3.733s] INFO:colcon.colcon_core.shell:Creating prefix chain script '/home/allenabraham106/ros2_ws/src/sort_mpc_nav/install/setup.zsh'
