[0.006s] Invoking command in '/home/allenabraham106/ros2_ws/src/sort_mpc_nav/build/sort_mpc_nav': CMAKE_PREFIX_PATH=${CMAKE_PREFIX_PATH}:/opt/ros/jazzy DEBUGINFOD_URLS=https://debuginfod.ubuntu.com /usr/bin/cmake --build /home/allenabraham106/ros2_ws/src/sort_mpc_nav/build/sort_mpc_nav -- -j4 -l4
[0.036s] -- Found ament_cmake: 2.5.6 (/opt/ros/jazzy/share/ament_cmake/cmake)
[0.133s] -- Found rclcpp: 28.1.18 (/opt/ros/jazzy/share/rclcpp/cmake)
[0.146s] -- Found rosidl_generator_c: 4.6.7 (/opt/ros/jazzy/share/rosidl_generator_c/cmake)
[0.150s] -- Found rosidl_generator_cpp: 4.6.7 (/opt/ros/jazzy/share/rosidl_generator_cpp/cmake)
[0.155s] -- Using all available rosidl_typesupport_c: rosidl_typesupport_fastrtps_c;rosidl_typesupport_introspection_c
[0.161s] -- Using all available rosidl_typesupport_cpp: rosidl_typesupport_fastrtps_cpp;rosidl_typesupport_introspection_cpp
[0.185s] -- Found rmw_implementation_cmake: 7.3.3 (/opt/ros/jazzy/share/rmw_implementation_cmake/cmake)
[0.186s] -- Found rmw_fastrtps_cpp: 8.4.3 (/opt/ros/jazzy/share/rmw_fastrtps_cpp/cmake)
[0.212s] -- Using RMW implementation 'rmw_fastrtps_cpp' as default
[0.236s] -- Found geometry_msgs: 5.3.7 (/opt/ros/jazzy/share/geometry_msgs/cmake)
[0.248s] -- Found visualization_msgs: 5.3.7 (/opt/ros/jazzy/share/visualization_msgs/cmake)
[0.307s] -- Configuring done (0.3s)
[0.316s] -- Generating done (0.0s)
[0.319s] -- Build files have been written to: /home/allenabraham106/ros2_ws/src/sort_mpc_nav/build/sort_mpc_nav
[0.342s] [ 50%] [32mBuilding CXX object CMakeFiles/pedestrian_sim.dir/src/pedestrian_sim.cpp.o[0m
[2.461s] [100%] [32m[1mLinking CXX executable pedestrian_sim[0m
[2.551s] [100%] Built target pedestrian_sim
[2.557s] Invoked command in '/home/allenabraham106/ros2_ws/src/sort_mpc_nav/build/sort_mpc_nav' returned '0': CMAKE_PREFIX_PATH=${CMAKE_PREFIX_PATH}:/opt/ros/jazzy DEBUGINFOD_URLS=https://debuginfod.ubuntu.com /usr/bin/cmake --build /home/allenabraham106/ros2_ws/src/sort_mpc_nav/build/sort_mpc_nav -- -j4 -l4
[2.561s] Invoking command in '/home/allenabraham106/ros2_ws/src/sort_mpc_nav/build/sort_mpc_nav': CMAKE_PREFIX_PATH=${CMAKE_PREFIX_PATH}:/opt/ros/jazzy DEBUGINFOD_URLS=https://debuginfod.ubuntu.com /usr/bin/cmake --install /home/allenabraham106/ros2_ws/src/sort_mpc_nav/build/sort_mpc_nav
[2.565s] -- Install configuration: ""
[2.566s] -- Installing: /home/allenabraham106/ros2_ws/src/sort_mpc_nav/install/sort_mpc_nav/lib/sort_mpc_nav/pedestrian_sim
[2.567s] -- Set non-toolchain portion of runtime path of "/home/allenabraham106/ros2_ws/src/sort_mpc_nav/install/sort_mpc_nav/lib/sort_mpc_nav/pedestrian_sim" to ""
[2.567s] -- Up-to-date: /home/allenabraham106/ros2_ws/src/sort_mpc_nav/install/sort_mpc_nav/share/sort_mpc_nav/launch
[2.568s] -- Installing: /home/allenabraham106/ros2_ws/src/sort_mpc_nav/install/sort_mpc_nav/share/sort_mpc_nav/launch/sim.launch.py
[2.568s] -- Up-to-date: /home/allenabraham106/ros2_ws/src/sort_mpc_nav/install/sort_mpc_nav/share/sort_mpc_nav/config
[2.568s] -- Up-to-date: /home/allenabraham106/ros2_ws/src/sort_mpc_nav/install/sort_mpc_nav/lib/sort_mpc_nav/sort_tracker.py
[2.568s] -- Installing: /home/allenabraham106/ros2_ws/src/sort_mpc_nav/install/sort_mpc_nav/lib/sort_mpc_nav/mpc_planner.py
[2.568s] -- Up-to-date: /home/allenabraham106/ros2_ws/src/sort_mpc_nav/install/sort_mpc_nav/share/ament_index/resource_index/package_run_dependencies/sort_mpc_nav
[2.568s] -- Up-to-date: /home/allenabraham106/ros2_ws/src/sort_mpc_nav/install/sort_mpc_nav/share/ament_index/resource_index/parent_prefix_path/sort_mpc_nav
[2.568s] -- Up-to-date: /home/allenabraham106/ros2_ws/src/sort_mpc_nav/install/sort_mpc_nav/share/sort_mpc_nav/environment/ament_prefix_path.sh
[2.568s] -- Up-to-date: /home/allenabraham106/ros2_ws/src/sort_mpc_nav/install/sort_mpc_nav/share/sort_mpc_nav/environment/ament_prefix_path.dsv
[2.568s] -- Up-to-date: /home/allenabraham106/ros2_ws/src/sort_mpc_nav/install/sort_mpc_nav/share/sort_mpc_nav/environment/path.sh
[2.568s] -- Up-to-date: /home/allenabraham106/ros2_ws/src/sort_mpc_nav/install/sort_mpc_nav/share/sort_mpc_nav/environment/path.dsv
[2.568s] -- Up-to-date: /home/allenabraham106/ros2_ws/src/sort_mpc_nav/install/sort_mpc_nav/share/sort_mpc_nav/local_setup.bash
[2.568s] -- Up-to-date: /home/allenabraham106/ros2_ws/src/sort_mpc_nav/install/sort_mpc_nav/share/sort_mpc_nav/local_setup.sh
[2.568s] -- Up-to-date: /home/allenabraham106/ros2_ws/src/sort_mpc_nav/install/sort_mpc_nav/share/sort_mpc_nav/local_setup.zsh
[2.568s] -- Up-to-date: /home/allenabraham106/ros2_ws/src/sort_mpc_nav/install/sort_mpc_nav/share/sort_mpc_nav/local_setup.dsv
[2.568s] -- Installing: /home/allenabraham106/ros2_ws/src/sort_mpc_nav/install/sort_mpc_nav/share/sort_mpc_nav/package.dsv
[2.568s] -- Up-to-date: /home/allenabraham106/ros2_ws/src/sort_mpc_nav/install/sort_mpc_nav/share/ament_index/resource_index/packages/sort_mpc_nav
[2.568s] -- Up-to-date: /home/allenabraham106/ros2_ws/src/sort_mpc_nav/install/sort_mpc_nav/share/sort_mpc_nav/cmake/sort_mpc_navConfig.cmake
[2.568s] -- Up-to-date: /home/allenabraham106/ros2_ws/src/sort_mpc_nav/install/sort_mpc_nav/share/sort_mpc_nav/cmake/sort_mpc_navConfig-version.cmake
[2.568s] -- Up-to-date: /home/allenabraham106/ros2_ws/src/sort_mpc_nav/install/sort_mpc_nav/share/sort_mpc_nav/package.xml
[2.569s] Invoked command in '/home/allenabraham106/ros2_ws/src/sort_mpc_nav/build/sort_mpc_nav' returned '0': CMAKE_PREFIX_PATH=${CMAKE_PREFIX_PATH}:/opt/ros/jazzy DEBUGINFOD_URLS=https://debuginfod.ubuntu.com /usr/bin/cmake --install /home/allenabraham106/ros2_ws/src/sort_mpc_nav/build/sort_mpc_nav
