[0.010s] Invoking command in '/home/allenabraham106/ros2_ws/src/sort_mpc_nav/build/sort_mpc_nav': CMAKE_PREFIX_PATH=${CMAKE_PREFIX_PATH}:/opt/ros/jazzy DEBUGINFOD_URLS=https://debuginfod.ubuntu.com /usr/bin/cmake /home/allenabraham106/ros2_ws/src/sort_mpc_nav -DCMAKE_INSTALL_PREFIX=/home/allenabraham106/ros2_ws/src/sort_mpc_nav/install/sort_mpc_nav
[0.150s] -- The C compiler identification is GNU 13.3.0
[0.234s] -- The CXX compiler identification is GNU 13.3.0
[0.253s] -- Detecting C compiler ABI info
[0.312s] -- Detecting C compiler ABI info - done
[0.321s] -- Check for working C compiler: /usr/bin/cc - skipped
[0.322s] -- Detecting C compile features
[0.324s] -- Detecting C compile features - done
[0.331s] -- Detecting CXX compiler ABI info
[0.394s] -- Detecting CXX compiler ABI info - done
[0.399s] -- Check for working CXX compiler: /usr/bin/c++ - skipped
[0.399s] -- Detecting CXX compile features
[0.400s] -- Detecting CXX compile features - done
[0.419s] -- Found ament_cmake: 2.5.6 (/opt/ros/jazzy/share/ament_cmake/cmake)
[0.509s] -- Found Python3: /usr/bin/python3 (found version "3.12.3") found components: Interpreter 
[0.601s] -- Found rclcpp: 28.1.18 (/opt/ros/jazzy/share/rclcpp/cmake)
[0.656s] -- Found rosidl_generator_c: 4.6.7 (/opt/ros/jazzy/share/rosidl_generator_c/cmake)
[0.670s] -- Found rosidl_generator_cpp: 4.6.7 (/opt/ros/jazzy/share/rosidl_generator_cpp/cmake)
[0.684s] -- Using all available rosidl_typesupport_c: rosidl_typesupport_fastrtps_c;rosidl_typesupport_introspection_c
[0.706s] -- Using all available rosidl_typesupport_cpp: rosidl_typesupport_fastrtps_cpp;rosidl_typesupport_introspection_cpp
[0.792s] -- Found rmw_implementation_cmake: 7.3.3 (/opt/ros/jazzy/share/rmw_implementation_cmake/cmake)
[0.797s] -- Found rmw_fastrtps_cpp: 8.4.3 (/opt/ros/jazzy/share/rmw_fastrtps_cpp/cmake)
[0.875s] -- Found OpenSSL: /usr/lib/aarch64-linux-gnu/libcrypto.so (found version "3.0.13")  
[0.886s] -- Found FastRTPS: /opt/ros/jazzy/include (Required is at least version "2.13") 
[0.897s] -- Using RMW implementation 'rmw_fastrtps_cpp' as default
[0.964s] -- Found geometry_msgs: 5.3.7 (/opt/ros/jazzy/share/geometry_msgs/cmake)
[1.045s] -- Configuring done (1.0s)
[1.051s] -- Generating done (0.0s)
[1.054s] -- Build files have been written to: /home/allenabraham106/ros2_ws/src/sort_mpc_nav/build/sort_mpc_nav
[1.059s] Invoked command in '/home/allenabraham106/ros2_ws/src/sort_mpc_nav/build/sort_mpc_nav' returned '0': CMAKE_PREFIX_PATH=${CMAKE_PREFIX_PATH}:/opt/ros/jazzy DEBUGINFOD_URLS=https://debuginfod.ubuntu.com /usr/bin/cmake /home/allenabraham106/ros2_ws/src/sort_mpc_nav -DCMAKE_INSTALL_PREFIX=/home/allenabraham106/ros2_ws/src/sort_mpc_nav/install/sort_mpc_nav
[1.060s] Invoking command in '/home/allenabraham106/ros2_ws/src/sort_mpc_nav/build/sort_mpc_nav': CMAKE_PREFIX_PATH=${CMAKE_PREFIX_PATH}:/opt/ros/jazzy DEBUGINFOD_URLS=https://debuginfod.ubuntu.com /usr/bin/cmake --build /home/allenabraham106/ros2_ws/src/sort_mpc_nav/build/sort_mpc_nav -- -j4 -l4
[1.094s] [ 50%] [32mBuilding CXX object CMakeFiles/pedestrian_sim.dir/src/pedestrian_sim.cpp.o[0m
[1.107s] In file included from [01m[K/home/allenabraham106/ros2_ws/src/sort_mpc_nav/src/pedestrian_sim.cpp:1[m[K:
[1.107s] [01m[K/home/allenabraham106/ros2_ws/src/sort_mpc_nav/include/sort_mpc_nav/pedestrian_sim.hpp:8:6:[m[K [01;31m[Kerror: [m[Kexpected ‘[01m[K;[m[K’ after struct definition
[1.107s]     8 |     }
[1.107s]       |      [01;31m[K^[m[K
[1.107s]       |      [32m[K;[m[K
[1.107s] [01m[K/home/allenabraham106/ros2_ws/src/sort_mpc_nav/include/sort_mpc_nav/pedestrian_sim.hpp:10:11:[m[K [01;31m[Kerror: [m[Kredefinition of ‘[01m[Kclass sort_mpc_nav::Pedestrian[m[K’
[1.107s]    10 |     class [01;31m[KPedestrian[m[K : public rclcpp::Node{
[1.107s]       |           [01;31m[K^~~~~~~~~~[m[K
[1.107s] [01m[K/home/allenabraham106/ros2_ws/src/sort_mpc_nav/include/sort_mpc_nav/pedestrian_sim.hpp:5:12:[m[K [01;36m[Knote: [m[Kprevious definition of ‘[01m[Kclass sort_mpc_nav::Pedestrian[m[K’
[1.107s]     5 |     struct [01;36m[KPedestrian[m[K{
[1.107s]       |            [01;36m[K^~~~~~~~~~[m[K
[1.107s] [01m[K/home/allenabraham106/ros2_ws/src/sort_mpc_nav/src/pedestrian_sim.cpp:4:3:[m[K [01;31m[Kerror: [m[K‘[01m[KPedestrianSim[m[K’ does not name a type; did you mean ‘[01m[KPedestrian[m[K’?
[1.107s]     4 |   [01;31m[KPedestrianSim[m[K::PedestrianSim() : Node("pedestrian_sim"){
[1.107s]       |   [01;31m[K^~~~~~~~~~~~~[m[K
[1.107s]       |   [32m[KPedestrian[m[K
[1.107s] [01m[K/home/allenabraham106/ros2_ws/src/sort_mpc_nav/src/pedestrian_sim.cpp:25:8:[m[K [01;31m[Kerror: [m[K‘[01m[KPedestrianSim[m[K’ has not been declared
[1.107s]    25 |   void [01;31m[KPedestrianSim[m[K::Update(){
[1.107s]       |        [01;31m[K^~~~~~~~~~~~~[m[K
[1.107s] [01m[K/home/allenabraham106/ros2_ws/src/sort_mpc_nav/src/pedestrian_sim.cpp:[m[K In function ‘[01m[Kvoid sort_mpc_nav::[01;32m[KUpdate[m[K()[m[K’:
[1.107s] [01m[K/home/allenabraham106/ros2_ws/src/sort_mpc_nav/src/pedestrian_sim.cpp:26:9:[m[K [01;31m[Kerror: [m[K‘[01m[Ksize_t[m[K’ was not declared in this scope
[1.107s]    26 |     for([01;31m[Ksize_t[m[K i = 0; i < pedestrians_.size(); ++i){
[1.107s]       |         [01;31m[K^~~~~~[m[K
[1.107s] [01m[K/home/allenabraham106/ros2_ws/src/sort_mpc_nav/src/pedestrian_sim.cpp:2:1:[m[K [01;36m[Knote: [m[K‘[01m[Ksize_t[m[K’ is defined in header ‘[01m[K<cstddef>[m[K’; did you forget to ‘[01m[K#include <cstddef>[m[K’?
[1.107s]     1 | #include "sort_mpc_nav/pedestrian_sim.hpp"
[1.108s]   +++ |+[32m[K#include <cstddef>[m[K
[1.108s]     2 | 
[1.108s] [01m[K/home/allenabraham106/ros2_ws/src/sort_mpc_nav/src/pedestrian_sim.cpp:26:23:[m[K [01;31m[Kerror: [m[K‘[01m[Ki[m[K’ was not declared in this scope
[1.108s]    26 |     for(size_t i = 0; [01;31m[Ki[m[K < pedestrians_.size(); ++i){
[1.108s]       |                       [01;31m[K^[m[K
[1.108s] [01m[K/home/allenabraham106/ros2_ws/src/sort_mpc_nav/src/pedestrian_sim.cpp:26:27:[m[K [01;31m[Kerror: [m[K‘[01m[Kpedestrians_[m[K’ was not declared in this scope; did you mean ‘[01m[KPedestrian[m[K’?
[1.108s]    26 |     for(size_t i = 0; i < [01;31m[Kpedestrians_[m[K.size(); ++i){
[1.108s]       |                           [01;31m[K^~~~~~~~~~~~[m[K
[1.108s]       |                           [32m[KPedestrian[m[K
[1.108s] [01m[K/home/allenabraham106/ros2_ws/src/sort_mpc_nav/src/pedestrian_sim.cpp:32:7:[m[K [01;31m[Kerror: [m[K‘[01m[Kgeometry_msgs[m[K’ has not been declared
[1.108s]    32 |       [01;31m[Kgeometry_msgs[m[K::msg::Point msg;
[1.108s]       |       [01;31m[K^~~~~~~~~~~~~[m[K
[1.109s] [01m[K/home/allenabraham106/ros2_ws/src/sort_mpc_nav/src/pedestrian_sim.cpp:33:7:[m[K [01;31m[Kerror: [m[K‘[01m[Kmsg[m[K’ was not declared in this scope
[1.109s]    33 |       [01;31m[Kmsg[m[K.x = pedestrians_[i].x;
[1.109s]       |       [01;31m[K^~~[m[K
[1.109s] [01m[K/home/allenabraham106/ros2_ws/src/sort_mpc_nav/src/pedestrian_sim.cpp:36:7:[m[K [01;31m[Kerror: [m[K‘[01m[Kpublishers_[m[K’ was not declared in this scope
[1.109s]    36 |       [01;31m[Kpublishers_[m[K[i]->publish(msg);
[1.109s]       |       [01;31m[K^~~~~~~~~~~[m[K
[1.110s] [01m[K/home/allenabraham106/ros2_ws/src/sort_mpc_nav/src/pedestrian_sim.cpp:[m[K In function ‘[01m[Kint[01;32m[K main[m[K(int, char**)[m[K’:
[1.110s] [01m[K/home/allenabraham106/ros2_ws/src/sort_mpc_nav/src/pedestrian_sim.cpp:42:3:[m[K [01;31m[Kerror: [m[K‘[01m[Krclcpp[m[K’ has not been declared
[1.110s]    42 |   [01;31m[Krclcpp[m[K::init(argc, argv);
[1.110s]       |   [01;31m[K^~~~~~[m[K
[1.110s] [01m[K/home/allenabraham106/ros2_ws/src/sort_mpc_nav/src/pedestrian_sim.cpp:43:3:[m[K [01;31m[Kerror: [m[K‘[01m[Krclcpp[m[K’ has not been declared
[1.110s]    43 |   [01;31m[Krclcpp[m[K::spin(std::make_shared<sort_mpc_nav::PedestrianSim>());
[1.110s]       |   [01;31m[K^~~~~~[m[K
[1.110s] [01m[K/home/allenabraham106/ros2_ws/src/sort_mpc_nav/src/pedestrian_sim.cpp:43:21:[m[K [01;31m[Kerror: [m[K‘[01m[Kmake_shared[m[K’ is not a member of ‘[01m[Kstd[m[K’
[1.110s]    43 |   rclcpp::spin(std::[01;31m[Kmake_shared[m[K<sort_mpc_nav::PedestrianSim>());
[1.110s]       |                     [01;31m[K^~~~~~~~~~~[m[K
[1.110s] [01m[K/home/allenabraham106/ros2_ws/src/sort_mpc_nav/src/pedestrian_sim.cpp:2:1:[m[K [01;36m[Knote: [m[K‘[01m[Kstd::make_shared[m[K’ is defined in header ‘[01m[K<memory>[m[K’; did you forget to ‘[01m[K#include <memory>[m[K’?
[1.110s]     1 | #include "sort_mpc_nav/pedestrian_sim.hpp"
[1.110s]   +++ |+[32m[K#include <memory>[m[K
[1.110s]     2 | 
[1.110s] [01m[K/home/allenabraham106/ros2_ws/src/sort_mpc_nav/src/pedestrian_sim.cpp:43:47:[m[K [01;31m[Kerror: [m[K‘[01m[KPedestrianSim[m[K’ is not a member of ‘[01m[Ksort_mpc_nav[m[K’; did you mean ‘[01m[KPedestrian[m[K’?
[1.110s]    43 |   rclcpp::spin(std::make_shared<sort_mpc_nav::[01;31m[KPedestrianSim[m[K>());
[1.110s]       |                                               [01;31m[K^~~~~~~~~~~~~[m[K
[1.110s]       |                                               [32m[KPedestrian[m[K
[1.110s] [01m[K/home/allenabraham106/ros2_ws/src/sort_mpc_nav/src/pedestrian_sim.cpp:43:62:[m[K [01;31m[Kerror: [m[Kexpected primary-expression before ‘[01m[K)[m[K’ token
[1.110s]    43 |   rclcpp::spin(std::make_shared<sort_mpc_nav::PedestrianSim>([01;31m[K)[m[K);
[1.110s]       |                                                              [01;31m[K^[m[K
[1.111s] [01m[K/home/allenabraham106/ros2_ws/src/sort_mpc_nav/src/pedestrian_sim.cpp:44:3:[m[K [01;31m[Kerror: [m[K‘[01m[Krclcpp[m[K’ has not been declared
[1.111s]    44 |   [01;31m[Krclcpp[m[K::shutdown();
[1.111s]       |   [01;31m[K^~~~~~[m[K
[1.111s] gmake[2]: *** [CMakeFiles/pedestrian_sim.dir/build.make:76: CMakeFiles/pedestrian_sim.dir/src/pedestrian_sim.cpp.o] Error 1
[1.111s] gmake[1]: *** [CMakeFiles/Makefile2:137: CMakeFiles/pedestrian_sim.dir/all] Error 2
[1.111s] gmake: *** [Makefile:146: all] Error 2
[1.121s] Invoked command in '/home/allenabraham106/ros2_ws/src/sort_mpc_nav/build/sort_mpc_nav' returned '2': CMAKE_PREFIX_PATH=${CMAKE_PREFIX_PATH}:/opt/ros/jazzy DEBUGINFOD_URLS=https://debuginfod.ubuntu.com /usr/bin/cmake --build /home/allenabraham106/ros2_ws/src/sort_mpc_nav/build/sort_mpc_nav -- -j4 -l4
