[0.008s] Invoking command in '/home/allenabraham106/ros2_ws/src/sort_mpc_nav/build/sort_mpc_nav': CMAKE_PREFIX_PATH=${CMAKE_PREFIX_PATH}:/opt/ros/jazzy DEBUGINFOD_URLS=https://debuginfod.ubuntu.com /usr/bin/cmake --build /home/allenabraham106/ros2_ws/src/sort_mpc_nav/build/sort_mpc_nav -- -j4 -l4
[0.055s] -- Found ament_cmake: 2.5.6 (/opt/ros/jazzy/share/ament_cmake/cmake)
[0.200s] -- Found rclcpp: 28.1.18 (/opt/ros/jazzy/share/rclcpp/cmake)
[0.240s] -- Found rosidl_generator_c: 4.6.7 (/opt/ros/jazzy/share/rosidl_generator_c/cmake)
[0.247s] -- Found rosidl_generator_cpp: 4.6.7 (/opt/ros/jazzy/share/rosidl_generator_cpp/cmake)
[0.256s] -- Using all available rosidl_typesupport_c: rosidl_typesupport_fastrtps_c;rosidl_typesupport_introspection_c
[0.267s] -- Using all available rosidl_typesupport_cpp: rosidl_typesupport_fastrtps_cpp;rosidl_typesupport_introspection_cpp
[0.308s] -- Found rmw_implementation_cmake: 7.3.3 (/opt/ros/jazzy/share/rmw_implementation_cmake/cmake)
[0.310s] -- Found rmw_fastrtps_cpp: 8.4.3 (/opt/ros/jazzy/share/rmw_fastrtps_cpp/cmake)
[0.355s] -- Using RMW implementation 'rmw_fastrtps_cpp' as default
[0.395s] -- Found geometry_msgs: 5.3.7 (/opt/ros/jazzy/share/geometry_msgs/cmake)
[0.414s] -- Found visualization_msgs: 5.3.7 (/opt/ros/jazzy/share/visualization_msgs/cmake)
[0.492s] -- Configuring done (0.4s)
[0.510s] -- Generating done (0.0s)
[0.515s] -- Build files have been written to: /home/allenabraham106/ros2_ws/src/sort_mpc_nav/build/sort_mpc_nav
[0.543s] [100%] Built target pedestrian_sim
[0.550s] Invoked command in '/home/allenabraham106/ros2_ws/src/sort_mpc_nav/build/sort_mpc_nav' returned '0': CMAKE_PREFIX_PATH=${CMAKE_PREFIX_PATH}:/opt/ros/jazzy DEBUGINFOD_URLS=https://debuginfod.ubuntu.com /usr/bin/cmake --build /home/allenabraham106/ros2_ws/src/sort_mpc_nav/build/sort_mpc_nav -- -j4 -l4
[0.555s] Invoking command in '/home/allenabraham106/ros2_ws/src/sort_mpc_nav/build/sort_mpc_nav': CMAKE_PREFIX_PATH=${CMAKE_PREFIX_PATH}:/opt/ros/jazzy DEBUGINFOD_URLS=https://debuginfod.ubuntu.com /usr/bin/cmake --install /home/allenabraham106/ros2_ws/src/sort_mpc_nav/build/sort_mpc_nav
[0.558s] -- Install configuration: ""
[0.560s] -- Up-to-date: /home/allenabraham106/ros2_ws/src/sort_mpc_nav/install/sort_mpc_nav/lib/sort_mpc_nav/pedestrian_sim
[0.560s] -- Installing: /home/allenabraham106/ros2_ws/src/sort_mpc_nav/install/sort_mpc_nav/share/sort_mpc_nav/launch
[0.560s] -- Installing: /home/allenabraham106/ros2_ws/src/sort_mpc_nav/install/sort_mpc_nav/share/sort_mpc_nav/launch/sim.launch.py
[0.560s] -- Installing: /home/allenabraham106/ros2_ws/src/sort_mpc_nav/install/sort_mpc_nav/share/sort_mpc_nav/config
[0.560s] -- Up-to-date: /home/allenabraham106/ros2_ws/src/sort_mpc_nav/install/sort_mpc_nav/share/ament_index/resource_index/package_run_dependencies/sort_mpc_nav
[0.560s] -- Up-to-date: /home/allenabraham106/ros2_ws/src/sort_mpc_nav/install/sort_mpc_nav/share/ament_index/resource_index/parent_prefix_path/sort_mpc_nav
[0.560s] -- Up-to-date: /home/allenabraham106/ros2_ws/src/sort_mpc_nav/install/sort_mpc_nav/share/sort_mpc_nav/environment/ament_prefix_path.sh
[0.560s] -- Up-to-date: /home/allenabraham106/ros2_ws/src/sort_mpc_nav/install/sort_mpc_nav/share/sort_mpc_nav/environment/ament_prefix_path.dsv
[0.560s] -- Up-to-date: /home/allenabraham106/ros2_ws/src/sort_mpc_nav/install/sort_mpc_nav/share/sort_mpc_nav/environment/path.sh
[0.560s] -- Up-to-date: /home/allenabraham106/ros2_ws/src/sort_mpc_nav/install/sort_mpc_nav/share/sort_mpc_nav/environment/path.dsv
[0.560s] -- Up-to-date: /home/allenabraham106/ros2_ws/src/sort_mpc_nav/install/sort_mpc_nav/share/sort_mpc_nav/local_setup.bash
[0.560s] -- Up-to-date: /home/allenabraham106/ros2_ws/src/sort_mpc_nav/install/sort_mpc_nav/share/sort_mpc_nav/local_setup.sh
[0.560s] -- Up-to-date: /home/allenabraham106/ros2_ws/src/sort_mpc_nav/install/sort_mpc_nav/share/sort_mpc_nav/local_setup.zsh
[0.561s] -- Up-to-date: /home/allenabraham106/ros2_ws/src/sort_mpc_nav/install/sort_mpc_nav/share/sort_mpc_nav/local_setup.dsv
[0.561s] -- Installing: /home/allenabraham106/ros2_ws/src/sort_mpc_nav/install/sort_mpc_nav/share/sort_mpc_nav/package.dsv
[0.561s] -- Up-to-date: /home/allenabraham106/ros2_ws/src/sort_mpc_nav/install/sort_mpc_nav/share/ament_index/resource_index/packages/sort_mpc_nav
[0.561s] -- Up-to-date: /home/allenabraham106/ros2_ws/src/sort_mpc_nav/install/sort_mpc_nav/share/sort_mpc_nav/cmake/sort_mpc_navConfig.cmake
[0.561s] -- Up-to-date: /home/allenabraham106/ros2_ws/src/sort_mpc_nav/install/sort_mpc_nav/share/sort_mpc_nav/cmake/sort_mpc_navConfig-version.cmake
[0.561s] -- Up-to-date: /home/allenabraham106/ros2_ws/src/sort_mpc_nav/install/sort_mpc_nav/share/sort_mpc_nav/package.xml
[0.561s] Invoked command in '/home/allenabraham106/ros2_ws/src/sort_mpc_nav/build/sort_mpc_nav' returned '0': CMAKE_PREFIX_PATH=${CMAKE_PREFIX_PATH}:/opt/ros/jazzy DEBUGINFOD_URLS=https://debuginfod.ubuntu.com /usr/bin/cmake --install /home/allenabraham106/ros2_ws/src/sort_mpc_nav/build/sort_mpc_nav
