[ 50%] [32mBuilding CXX object CMakeFiles/pedestrian_sim.dir/src/pedestrian_sim.cpp.o[0m
[01m[K/home/allenabraham106/ros2_ws/src/sort_mpc_nav/src/pedestrian_sim.cpp:[m[K In constructor ‘[01m[Ksort_mpc_nav::PedestrianSim::[01;32m[KPedestrianSim[m[K()[m[K’:
[01m[K/home/allenabraham106/ros2_ws/src/sort_mpc_nav/src/pedestrian_sim.cpp:9:6:[m[K [01;31m[Kerror: [m[Kexpected ‘[01m[K;[m[K’ before ‘[01m[Kfor[m[K’
    9 |     }
      |      [01;31m[K^[m[K
      |      [32m[K;[m[K
   10 | 
   11 |     [32m[Kfor[m[K(size_t i = 0; i < pedestrians_.size(); ++i){
      |     [32m[K~~~[m[K
[01m[K/home/allenabraham106/ros2_ws/src/sort_mpc_nav/src/pedestrian_sim.cpp:11:23:[m[K [01;31m[Kerror: [m[K‘[01m[Ki[m[K’ was not declared in this scope
   11 |     for(size_t i = 0; [01;31m[Ki[m[K < pedestrians_.size(); ++i){
      |                       [01;31m[K^[m[K
[01m[K/home/allenabraham106/ros2_ws/src/sort_mpc_nav/src/pedestrian_sim.cpp:18:39:[m[K [01;31m[Kerror: [m[Kexpected ‘[01m[K)[m[K’ before ‘[01m[K;[m[K’ token
   18 |         std::chrono::milliseconds(100)[01;31m[K;[m[K
      |                                       [01;31m[K^[m[K
      |                                       [32m[K)[m[K
[01m[K/home/allenabraham106/ros2_ws/src/sort_mpc_nav/src/pedestrian_sim.cpp:17:31:[m[K [01;36m[Knote: [m[Kto match this ‘[01m[K([m[K’
   17 |     timer_ = create_wall_timer[01;36m[K([m[K
      |                               [01;36m[K^[m[K
[01m[K/home/allenabraham106/ros2_ws/src/sort_mpc_nav/src/pedestrian_sim.cpp:20:5:[m[K [01;31m[Kerror: [m[Kexpected primary-expression before ‘[01m[K)[m[K’ token
   20 |     [01;31m[K)[m[K
      |     [01;31m[K^[m[K
[01m[K/home/allenabraham106/ros2_ws/src/sort_mpc_nav/src/pedestrian_sim.cpp:[m[K At global scope:
[01m[K/home/allenabraham106/ros2_ws/src/sort_mpc_nav/src/pedestrian_sim.cpp:25:8:[m[K [01;31m[Kerror: [m[Kno declaration matches ‘[01m[Kvoid sort_mpc_nav::PedestrianSim::[01;32m[KUpdate[m[K()[m[K’
   25 |   void [01;31m[KPedestrianSim[m[K::Update(){
      |        [01;31m[K^~~~~~~~~~~~~[m[K
[01m[K/home/allenabraham106/ros2_ws/src/sort_mpc_nav/src/pedestrian_sim.cpp:25:8:[m[K [01;36m[Knote: [m[Kno functions named ‘[01m[Kvoid sort_mpc_nav::PedestrianSim::[01;32m[KUpdate[m[K()[m[K’
In file included from [01m[K/home/allenabraham106/ros2_ws/src/sort_mpc_nav/src/pedestrian_sim.cpp:1[m[K:
[01m[K/home/allenabraham106/ros2_ws/src/sort_mpc_nav/include/sort_mpc_nav/pedestrian_sim.hpp:14:11:[m[K [01;36m[Knote: [m[K‘[01m[Kclass sort_mpc_nav::PedestrianSim[m[K’ defined here
   14 |     class [01;36m[KPedestrianSim[m[K : public rclcpp::Node{
      |           [01;36m[K^~~~~~~~~~~~~[m[K
gmake[2]: *** [CMakeFiles/pedestrian_sim.dir/build.make:76: CMakeFiles/pedestrian_sim.dir/src/pedestrian_sim.cpp.o] Error 1
gmake[1]: *** [CMakeFiles/Makefile2:137: CMakeFiles/pedestrian_sim.dir/all] Error 2
gmake: *** [Makefile:146: all] Error 2
