[0.007s] Invoking command in '/home/allenabraham106/ros2_ws/src/sort_mpc_nav/build/sort_mpc_nav': CMAKE_PREFIX_PATH=${CMAKE_PREFIX_PATH}:/opt/ros/jazzy DEBUGINFOD_URLS=https://debuginfod.ubuntu.com /usr/bin/cmake --build /home/allenabraham106/ros2_ws/src/sort_mpc_nav/build/sort_mpc_nav -- -j4 -l4
[0.059s] [ 50%] [32mBuilding CXX object CMakeFiles/pedestrian_sim.dir/src/pedestrian_sim.cpp.o[0m
[2.912s] [100%] [32m[1mLinking CXX executable pedestrian_sim[0m
[3.024s] [100%] Built target pedestrian_sim
[3.031s] Invoked command in '/home/allenabraham106/ros2_ws/src/sort_mpc_nav/build/sort_mpc_nav' returned '0': CMAKE_PREFIX_PATH=${CMAKE_PREFIX_PATH}:/opt/ros/jazzy DEBUGINFOD_URLS=https://debuginfod.ubuntu.com /usr/bin/cmake --build /home/allenabraham106/ros2_ws/src/sort_mpc_nav/build/sort_mpc_nav -- -j4 -l4
[3.038s] Invoking command in '/home/allenabraham106/ros2_ws/src/sort_mpc_nav/build/sort_mpc_nav': CMAKE_PREFIX_PATH=${CMAKE_PREFIX_PATH}:/opt/ros/jazzy DEBUGINFOD_URLS=https://debuginfod.ubuntu.com /usr/bin/cmake --install /home/allenabraham106/ros2_ws/src/sort_mpc_nav/build/sort_mpc_nav
[3.042s] -- Install configuration: ""
[3.043s] -- Installing: /home/allenabraham106/ros2_ws/src/sort_mpc_nav/install/sort_mpc_nav/lib/sort_mpc_nav/pedestrian_sim
[3.043s] -- Set non-toolchain portion of runtime path of "/home/allenabraham106/ros2_ws/src/sort_mpc_nav/install/sort_mpc_nav/lib/sort_mpc_nav/pedestrian_sim" to ""
[3.043s] -- Up-to-date: /home/allenabraham106/ros2_ws/src/sort_mpc_nav/install/sort_mpc_nav/share/sort_mpc_nav/launch
[3.044s] -- Up-to-date: /home/allenabraham106/ros2_ws/src/sort_mpc_nav/install/sort_mpc_nav/share/sort_mpc_nav/launch/sim.launch.py
[3.045s] -- Up-to-date: /home/allenabraham106/ros2_ws/src/sort_mpc_nav/install/sort_mpc_nav/share/sort_mpc_nav/config
[3.045s] -- Up-to-date: /home/allenabraham106/ros2_ws/src/sort_mpc_nav/install/sort_mpc_nav/share/ament_index/resource_index/package_run_dependencies/sort_mpc_nav
[3.045s] -- Up-to-date: /home/allenabraham106/ros2_ws/src/sort_mpc_nav/install/sort_mpc_nav/share/ament_index/resource_index/parent_prefix_path/sort_mpc_nav
[3.045s] -- Up-to-date: /home/allenabraham106/ros2_ws/src/sort_mpc_nav/install/sort_mpc_nav/share/sort_mpc_nav/environment/ament_prefix_path.sh
[3.045s] -- Up-to-date: /home/allenabraham106/ros2_ws/src/sort_mpc_nav/install/sort_mpc_nav/share/sort_mpc_nav/environment/ament_prefix_path.dsv
[3.045s] -- Up-to-date: /home/allenabraham106/ros2_ws/src/sort_mpc_nav/install/sort_mpc_nav/share/sort_mpc_nav/environment/path.sh
[3.045s] -- Up-to-date: /home/allenabraham106/ros2_ws/src/sort_mpc_nav/install/sort_mpc_nav/share/sort_mpc_nav/environment/path.dsv
[3.045s] -- Up-to-date: /home/allenabraham106/ros2_ws/src/sort_mpc_nav/install/sort_mpc_nav/share/sort_mpc_nav/local_setup.bash
[3.045s] -- Up-to-date: /home/allenabraham106/ros2_ws/src/sort_mpc_nav/install/sort_mpc_nav/share/sort_mpc_nav/local_setup.sh
[3.045s] -- Up-to-date: /home/allenabraham106/ros2_ws/src/sort_mpc_nav/install/sort_mpc_nav/share/sort_mpc_nav/local_setup.zsh
[3.045s] -- Up-to-date: /home/allenabraham106/ros2_ws/src/sort_mpc_nav/install/sort_mpc_nav/share/sort_mpc_nav/local_setup.dsv
[3.045s] -- Installing: /home/allenabraham106/ros2_ws/src/sort_mpc_nav/install/sort_mpc_nav/share/sort_mpc_nav/package.dsv
[3.045s] -- Up-to-date: /home/allenabraham106/ros2_ws/src/sort_mpc_nav/install/sort_mpc_nav/share/ament_index/resource_index/packages/sort_mpc_nav
[3.045s] -- Up-to-date: /home/allenabraham106/ros2_ws/src/sort_mpc_nav/install/sort_mpc_nav/share/sort_mpc_nav/cmake/sort_mpc_navConfig.cmake
[3.045s] -- Up-to-date: /home/allenabraham106/ros2_ws/src/sort_mpc_nav/install/sort_mpc_nav/share/sort_mpc_nav/cmake/sort_mpc_navConfig-version.cmake
[3.045s] -- Up-to-date: /home/allenabraham106/ros2_ws/src/sort_mpc_nav/install/sort_mpc_nav/share/sort_mpc_nav/package.xml
[3.047s] Invoked command in '/home/allenabraham106/ros2_ws/src/sort_mpc_nav/build/sort_mpc_nav' returned '0': CMAKE_PREFIX_PATH=${CMAKE_PREFIX_PATH}:/opt/ros/jazzy DEBUGINFOD_URLS=https://debuginfod.ubuntu.com /usr/bin/cmake --install /home/allenabraham106/ros2_ws/src/sort_mpc_nav/build/sort_mpc_nav
